2014-02-14 20:58:59,399 Grabbing random numbers from: 640x480px.
2014-02-14 20:59:02,192 Balancing between one cluster.
2014-02-14 20:59:02,192 318.563838772, 366.493476925
2014-02-14 20:59:02,192 318.563838772, 366.493476925 (balance mean)
2014-02-14 20:59:02,192 0.497755998081, 0.763528076927 (float)
2014-02-14 20:59:06,866 Balancing between one cluster.
2014-02-14 20:59:06,867 158.489023222, 122.496073032
2014-02-14 20:59:06,867 238.526430997, 244.494774979 (balance mean)
2014-02-14 20:59:06,867 0.247639098784, 0.25520015215 (float)
2014-02-14 20:59:21,288 Balancing between one cluster.
2014-02-14 20:59:21,288 244.447148175, 206.511969209
2014-02-14 20:59:21,288 240.50000339, 231.833839722 (balance mean)
2014-02-14 20:59:21,288 0.381948669024, 0.430233269186 (float)
2014-02-14 20:59:45,095 Balancing between one cluster.
2014-02-14 20:59:45,095 540.879599909, 363.808486106
2014-02-14 20:59:45,095 315.59490252, 264.827501318 (balance mean)
2014-02-14 20:59:45,096 0.845124374858, 0.757934346054 (float)
2014-02-14 20:59:55,247 Balancing between a couple of clusters.
2014-02-14 20:59:55,247 140.694326683, 174.408694235
2014-02-14 20:59:55,247 280.614787352, 246.743739902 (balance mean)
2014-02-14 20:59:55,247 0.219834885442, 0.363351446324 (float)
2014-02-14 21:00:03,442 Balancing between one cluster.
2014-02-14 21:00:03,443 248.094510127, 201.955945268
2014-02-14 21:00:03,443 275.194741148, 239.279107463 (balance mean)
2014-02-14 21:00:03,443 0.387647672073, 0.420741552643 (float)
2014-02-14 21:00:18,271 Balancing between one cluster.
2014-02-14 21:00:18,271 330.475657259, 78.4864409544
2014-02-14 21:00:18,271 283.092014878, 216.308726533 (balance mean)
2014-02-14 21:00:18,272 0.516368214467, 0.163513418655 (float)
2014-02-14 21:00:36,249 Balancing between one cluster.
2014-02-14 21:00:36,249 256.406174297, 476.751619252
2014-02-14 21:00:36,250 279.756284806, 248.864088123 (balance mean)
2014-02-14 21:00:36,250 0.40063464734, 0.993232540108 (float)
2014-02-14 21:00:44,464 Balancing between one cluster.
2014-02-14 21:00:44,464 244.477272727, 0.0
2014-02-14 21:00:44,464 275.836394575, 221.212522776 (balance mean)
2014-02-14 21:00:44,464 0.381995738636, 0.0 (float)
2014-02-14 21:00:54,979 Balancing between one cluster.
2014-02-14 21:00:54,979 422.452380952, 202.0
2014-02-14 21:00:54,979 290.497993212, 219.291270498 (balance mean)
2014-02-14 21:00:54,979 0.660081845238, 0.420833333333 (float)
2014-02-14 21:01:43,662 Balancing between one cluster.
2014-02-14 21:01:43,662 159.037931016, 168.087604319
2014-02-14 21:01:43,662 278.547078467, 214.636391755 (balance mean)
2014-02-14 21:01:43,662 0.248496767212, 0.350182508998 (float)
2014-02-14 21:02:33,203 Balancing between one cluster.
2014-02-14 21:02:33,203 430.690957968, 383.019316744
2014-02-14 21:02:33,203 291.225735092, 228.66830217 (balance mean)
2014-02-14 21:02:33,203 0.672954621825, 0.797956909884 (float)
2014-02-14 21:02:37,488 Balancing between one cluster.
2014-02-14 21:02:37,488 490.821583091, 193.855915219
2014-02-14 21:02:37,488 306.579261861, 225.990426251 (balance mean)
2014-02-14 21:02:37,488 0.76690872358, 0.403866490039 (float)
2014-02-14 21:02:59,852 Balancing between one cluster.
2014-02-14 21:02:59,852 416.487631031, 223.0
2014-02-14 21:02:59,853 314.429859659, 225.776824376 (balance mean)
2014-02-14 21:02:59,853 0.650761923487, 0.464583333333 (float)
